c:\users\gwon\desktop\20-1학기\데이터베이스\db_project\db_project\debug\db_project.pch
c:\users\gwon\desktop\20-1학기\데이터베이스\db_project\db_project\debug\vc142.pdb
c:\users\gwon\desktop\20-1학기\데이터베이스\db_project\db_project\debug\pch.obj
c:\users\gwon\desktop\20-1학기\데이터베이스\db_project\db_project\debug\form2.obj
c:\users\gwon\desktop\20-1학기\데이터베이스\db_project\db_project\debug\form1.obj
c:\users\gwon\desktop\20-1학기\데이터베이스\db_project\db_project\debug\assemblyinfo.obj
c:\users\gwon\desktop\20-1학기\데이터베이스\db_project\debug\mysql.data.dll
c:\users\gwon\desktop\20-1학기\데이터베이스\db_project\debug\google.protobuf.dll
c:\users\gwon\desktop\20-1학기\데이터베이스\db_project\debug\zstandard.net.dll
c:\users\gwon\desktop\20-1학기\데이터베이스\db_project\debug\k4os.compression.lz4.streams.dll
c:\users\gwon\desktop\20-1학기\데이터베이스\db_project\debug\bouncycastle.crypto.dll
c:\users\gwon\desktop\20-1학기\데이터베이스\db_project\debug\ubiety.dns.core.dll
c:\users\gwon\desktop\20-1학기\데이터베이스\db_project\debug\renci.sshnet.dll
c:\users\gwon\desktop\20-1학기\데이터베이스\db_project\debug\system.buffers.dll
c:\users\gwon\desktop\20-1학기\데이터베이스\db_project\debug\k4os.compression.lz4.dll
c:\users\gwon\desktop\20-1학기\데이터베이스\db_project\debug\k4os.hash.xxhash.dll
c:\users\gwon\desktop\20-1학기\데이터베이스\db_project\debug\system.memory.dll
c:\users\gwon\desktop\20-1학기\데이터베이스\db_project\debug\system.runtime.compilerservices.unsafe.dll
c:\users\gwon\desktop\20-1학기\데이터베이스\db_project\debug\system.numerics.vectors.dll
c:\users\gwon\desktop\20-1학기\데이터베이스\db_project\debug\mysql.data.xml
c:\users\gwon\desktop\20-1학기\데이터베이스\db_project\db_project\debug\db_project.vcxprojassemblyreference.cache
c:\users\gwon\desktop\20-1학기\데이터베이스\db_project\db_project\debug\db_project.tlog\cl.command.1.tlog
c:\users\gwon\desktop\20-1학기\데이터베이스\db_project\db_project\debug\db_project.tlog\cl.read.1.tlog
c:\users\gwon\desktop\20-1학기\데이터베이스\db_project\db_project\debug\db_project.tlog\cl.write.1.tlog
c:\users\gwon\desktop\20-1학기\데이터베이스\db_project\db_project\debug\db_project.tlog\db_project.read.1u.tlog
c:\users\gwon\desktop\20-1학기\데이터베이스\db_project\db_project\debug\db_project.tlog\db_project.write.1u.tlog
c:\users\gwon\desktop\20-1학기\데이터베이스\db_project\db_project\debug\db_project.tlog\metagen.write.1.tlog
